[0.053s] DEBUG:colcon:Command line arguments: ['/usr/bin/colcon', 'build', '--packages-select', 'so_100_arm']
[0.053s] DEBUG:colcon:Parsed command line arguments: Namespace(log_base=None, log_level=None, verb_name='build', build_base='build', install_base='install', merge_install=False, symlink_install=False, test_result_base=None, continue_on_error=False, executor='parallel', parallel_workers=32, event_handlers=None, ignore_user_meta=False, metas=['./colcon.meta'], base_paths=['.'], packages_ignore=None, packages_ignore_regex=None, paths=None, packages_up_to=None, packages_up_to_regex=None, packages_above=None, packages_above_and_dependencies=None, packages_above_depth=None, packages_select_by_dep=None, packages_skip_by_dep=None, packages_skip_up_to=None, packages_select_build_failed=False, packages_skip_build_finished=False, packages_select_test_failures=False, packages_skip_test_passed=False, packages_select=['so_100_arm'], packages_skip=None, packages_select_regex=None, packages_skip_regex=None, packages_start=None, packages_end=None, allow_overriding=[], cmake_args=None, cmake_target=None, cmake_target_skip_unavailable=False, cmake_clean_cache=False, cmake_clean_first=False, cmake_force_configure=False, ament_cmake_args=None, catkin_cmake_args=None, catkin_skip_building_tests=False, mixin_files=None, mixin=None, verb_parser=<colcon_mixin.mixin.mixin_argument.MixinArgumentDecorator object at 0x7ad9e40b5360>, verb_extension=<colcon_core.verb.build.BuildVerb object at 0x7ad9e40b4dc0>, main=<bound method BuildVerb.main of <colcon_core.verb.build.BuildVerb object at 0x7ad9e40b4dc0>>, mixin_verb=('build',))
[0.158s] Level 1:colcon.colcon_core.package_discovery:discover_packages(colcon_meta) check parameters
[0.159s] Level 1:colcon.colcon_core.package_discovery:discover_packages(recursive) check parameters
[0.159s] Level 1:colcon.colcon_core.package_discovery:discover_packages(ignore) check parameters
[0.159s] Level 1:colcon.colcon_core.package_discovery:discover_packages(path) check parameters
[0.159s] Level 1:colcon.colcon_core.package_discovery:discover_packages(colcon_meta) discover
[0.159s] Level 1:colcon.colcon_core.package_discovery:discover_packages(recursive) discover
[0.159s] INFO:colcon.colcon_core.package_discovery:Crawling recursively for packages in '/home/viki/dim'
[0.159s] Level 1:colcon.colcon_core.package_identification:_identify(.) by extensions ['ignore', 'ignore_ament_install']
[0.159s] Level 1:colcon.colcon_core.package_identification:_identify(.) by extension 'ignore'
[0.159s] Level 1:colcon.colcon_core.package_identification:_identify(.) by extension 'ignore_ament_install'
[0.159s] Level 1:colcon.colcon_core.package_identification:_identify(.) by extensions ['colcon_pkg']
[0.159s] Level 1:colcon.colcon_core.package_identification:_identify(.) by extension 'colcon_pkg'
[0.159s] Level 1:colcon.colcon_core.package_identification:_identify(.) by extensions ['colcon_meta']
[0.159s] Level 1:colcon.colcon_core.package_identification:_identify(.) by extension 'colcon_meta'
[0.159s] Level 1:colcon.colcon_core.package_identification:_identify(.) by extensions ['ros']
[0.159s] Level 1:colcon.colcon_core.package_identification:_identify(.) by extension 'ros'
[0.165s] Level 1:colcon.colcon_core.package_identification:_identify(.) by extensions ['cmake', 'python']
[0.165s] Level 1:colcon.colcon_core.package_identification:_identify(.) by extension 'cmake'
[0.165s] Level 1:colcon.colcon_core.package_identification:_identify(.) by extension 'python'
[0.165s] Level 1:colcon.colcon_core.package_identification:_identify(.) by extensions ['python_setup_py']
[0.165s] Level 1:colcon.colcon_core.package_identification:_identify(.) by extension 'python_setup_py'
[0.165s] Level 1:colcon.colcon_core.package_identification:_identify(build) by extensions ['ignore', 'ignore_ament_install']
[0.165s] Level 1:colcon.colcon_core.package_identification:_identify(build) by extension 'ignore'
[0.165s] Level 1:colcon.colcon_core.package_identification:_identify(build) ignored
[0.165s] Level 1:colcon.colcon_core.package_identification:_identify(install) by extensions ['ignore', 'ignore_ament_install']
[0.165s] Level 1:colcon.colcon_core.package_identification:_identify(install) by extension 'ignore'
[0.165s] Level 1:colcon.colcon_core.package_identification:_identify(install) ignored
[0.165s] Level 1:colcon.colcon_core.package_identification:_identify(log) by extensions ['ignore', 'ignore_ament_install']
[0.165s] Level 1:colcon.colcon_core.package_identification:_identify(log) by extension 'ignore'
[0.165s] Level 1:colcon.colcon_core.package_identification:_identify(log) ignored
[0.165s] Level 1:colcon.colcon_core.package_identification:_identify(so_100_arm) by extensions ['ignore', 'ignore_ament_install']
[0.165s] Level 1:colcon.colcon_core.package_identification:_identify(so_100_arm) by extension 'ignore'
[0.165s] Level 1:colcon.colcon_core.package_identification:_identify(so_100_arm) by extension 'ignore_ament_install'
[0.165s] Level 1:colcon.colcon_core.package_identification:_identify(so_100_arm) by extensions ['colcon_pkg']
[0.165s] Level 1:colcon.colcon_core.package_identification:_identify(so_100_arm) by extension 'colcon_pkg'
[0.165s] Level 1:colcon.colcon_core.package_identification:_identify(so_100_arm) by extensions ['colcon_meta']
[0.165s] Level 1:colcon.colcon_core.package_identification:_identify(so_100_arm) by extension 'colcon_meta'
[0.165s] Level 1:colcon.colcon_core.package_identification:_identify(so_100_arm) by extensions ['ros']
[0.165s] Level 1:colcon.colcon_core.package_identification:_identify(so_100_arm) by extension 'ros'
[0.166s] DEBUG:colcon.colcon_core.package_identification:Package 'so_100_arm' with type 'ros.ament_cmake' and name 'so_100_arm'
[0.167s] Level 1:colcon.colcon_core.package_identification:_identify(so_arm_100_hardware) by extensions ['ignore', 'ignore_ament_install']
[0.167s] Level 1:colcon.colcon_core.package_identification:_identify(so_arm_100_hardware) by extension 'ignore'
[0.167s] Level 1:colcon.colcon_core.package_identification:_identify(so_arm_100_hardware) by extension 'ignore_ament_install'
[0.167s] Level 1:colcon.colcon_core.package_identification:_identify(so_arm_100_hardware) by extensions ['colcon_pkg']
[0.167s] Level 1:colcon.colcon_core.package_identification:_identify(so_arm_100_hardware) by extension 'colcon_pkg'
[0.167s] Level 1:colcon.colcon_core.package_identification:_identify(so_arm_100_hardware) by extensions ['colcon_meta']
[0.167s] Level 1:colcon.colcon_core.package_identification:_identify(so_arm_100_hardware) by extension 'colcon_meta'
[0.167s] Level 1:colcon.colcon_core.package_identification:_identify(so_arm_100_hardware) by extensions ['ros']
[0.167s] Level 1:colcon.colcon_core.package_identification:_identify(so_arm_100_hardware) by extension 'ros'
[0.167s] DEBUG:colcon.colcon_core.package_identification:Package 'so_arm_100_hardware' with type 'ros.ament_cmake' and name 'so_arm_100_hardware'
[0.167s] Level 1:colcon.colcon_core.package_discovery:discover_packages(recursive) using defaults
[0.167s] Level 1:colcon.colcon_core.package_discovery:discover_packages(ignore) discover
[0.167s] Level 1:colcon.colcon_core.package_discovery:discover_packages(ignore) using defaults
[0.167s] Level 1:colcon.colcon_core.package_discovery:discover_packages(path) discover
[0.167s] Level 1:colcon.colcon_core.package_discovery:discover_packages(path) using defaults
[0.177s] INFO:colcon.colcon_core.package_selection:Skipping not selected package 'so_arm_100_hardware' in 'so_arm_100_hardware'
[0.177s] Level 1:colcon.colcon_core.package_discovery:discover_packages(prefix_path) check parameters
[0.177s] Level 1:colcon.colcon_core.package_discovery:discover_packages(prefix_path) discover
[0.178s] DEBUG:colcon.colcon_installed_package_information.package_discovery:Found 2 installed packages in /home/viki/dim/install
[0.179s] DEBUG:colcon.colcon_installed_package_information.package_discovery:Found 356 installed packages in /opt/ros/humble
[0.179s] Level 1:colcon.colcon_core.package_discovery:discover_packages(prefix_path) using defaults
[0.200s] Level 5:colcon.colcon_core.verb:set package 'so_100_arm' build argument 'cmake_args' from command line to 'None'
[0.200s] Level 5:colcon.colcon_core.verb:set package 'so_100_arm' build argument 'cmake_target' from command line to 'None'
[0.200s] Level 5:colcon.colcon_core.verb:set package 'so_100_arm' build argument 'cmake_target_skip_unavailable' from command line to 'False'
[0.200s] Level 5:colcon.colcon_core.verb:set package 'so_100_arm' build argument 'cmake_clean_cache' from command line to 'False'
[0.200s] Level 5:colcon.colcon_core.verb:set package 'so_100_arm' build argument 'cmake_clean_first' from command line to 'False'
[0.200s] Level 5:colcon.colcon_core.verb:set package 'so_100_arm' build argument 'cmake_force_configure' from command line to 'False'
[0.200s] Level 5:colcon.colcon_core.verb:set package 'so_100_arm' build argument 'ament_cmake_args' from command line to 'None'
[0.200s] Level 5:colcon.colcon_core.verb:set package 'so_100_arm' build argument 'catkin_cmake_args' from command line to 'None'
[0.200s] Level 5:colcon.colcon_core.verb:set package 'so_100_arm' build argument 'catkin_skip_building_tests' from command line to 'False'
[0.200s] DEBUG:colcon.colcon_core.verb:Building package 'so_100_arm' with the following arguments: {'ament_cmake_args': None, 'build_base': '/home/viki/dim/build/so_100_arm', 'catkin_cmake_args': None, 'catkin_skip_building_tests': False, 'cmake_args': None, 'cmake_clean_cache': False, 'cmake_clean_first': False, 'cmake_force_configure': False, 'cmake_target': None, 'cmake_target_skip_unavailable': False, 'install_base': '/home/viki/dim/install/so_100_arm', 'merge_install': False, 'path': '/home/viki/dim/so_100_arm', 'symlink_install': False, 'test_result_base': None}
[0.200s] INFO:colcon.colcon_core.executor:Executing jobs using 'parallel' executor
[0.201s] DEBUG:colcon.colcon_parallel_executor.executor.parallel:run_until_complete
[0.201s] INFO:colcon.colcon_ros.task.ament_cmake.build:Building ROS package in '/home/viki/dim/so_100_arm' with build type 'ament_cmake'
[0.201s] INFO:colcon.colcon_cmake.task.cmake.build:Building CMake package in '/home/viki/dim/so_100_arm'
[0.202s] INFO:colcon.colcon_core.plugin_system:Skipping extension 'colcon_core.shell.bat': Not used on non-Windows systems
[0.202s] INFO:colcon.colcon_core.shell:Skip shell extension 'powershell' for command environment: Not usable outside of PowerShell
[0.202s] DEBUG:colcon.colcon_core.shell:Skip shell extension 'dsv' for command environment
[0.208s] DEBUG:colcon.colcon_core.event_handler.log_command:Invoking command in '/home/viki/dim/build/so_100_arm': CMAKE_PREFIX_PATH=${CMAKE_PREFIX_PATH}:/opt/ros/humble /usr/bin/cmake --build /home/viki/dim/build/so_100_arm -- -j32 -l32
[0.232s] DEBUG:colcon.colcon_core.event_handler.log_command:Invoked command in '/home/viki/dim/build/so_100_arm' returned '0': CMAKE_PREFIX_PATH=${CMAKE_PREFIX_PATH}:/opt/ros/humble /usr/bin/cmake --build /home/viki/dim/build/so_100_arm -- -j32 -l32
[0.238s] DEBUG:colcon.colcon_core.event_handler.log_command:Invoking command in '/home/viki/dim/build/so_100_arm': CMAKE_PREFIX_PATH=${CMAKE_PREFIX_PATH}:/opt/ros/humble /usr/bin/cmake --install /home/viki/dim/build/so_100_arm
[0.244s] Level 1:colcon.colcon_core.environment:create_environment_scripts_only(so_100_arm)
[0.244s] DEBUG:colcon.colcon_core.event_handler.log_command:Invoked command in '/home/viki/dim/build/so_100_arm' returned '0': CMAKE_PREFIX_PATH=${CMAKE_PREFIX_PATH}:/opt/ros/humble /usr/bin/cmake --install /home/viki/dim/build/so_100_arm
[0.246s] Level 1:colcon.colcon_core.environment:checking '/home/viki/dim/install/so_100_arm' for CMake module files
[0.247s] Level 1:colcon.colcon_core.environment:checking '/home/viki/dim/install/so_100_arm' for CMake config files
[0.247s] Level 1:colcon.colcon_core.shell:create_environment_hook('so_100_arm', 'cmake_prefix_path')
[0.247s] INFO:colcon.colcon_core.shell:Creating environment hook '/home/viki/dim/install/so_100_arm/share/so_100_arm/hook/cmake_prefix_path.ps1'
[0.247s] INFO:colcon.colcon_core.shell:Creating environment descriptor '/home/viki/dim/install/so_100_arm/share/so_100_arm/hook/cmake_prefix_path.dsv'
[0.248s] INFO:colcon.colcon_core.shell:Creating environment hook '/home/viki/dim/install/so_100_arm/share/so_100_arm/hook/cmake_prefix_path.sh'
[0.248s] Level 1:colcon.colcon_core.environment:checking '/home/viki/dim/install/so_100_arm/bin'
[0.248s] Level 1:colcon.colcon_core.environment:checking '/home/viki/dim/install/so_100_arm/lib/pkgconfig/so_100_arm.pc'
[0.248s] Level 1:colcon.colcon_core.environment:checking '/home/viki/dim/install/so_100_arm/lib/python3.10/site-packages'
[0.248s] Level 1:colcon.colcon_core.environment:checking '/home/viki/dim/install/so_100_arm/bin'
[0.248s] INFO:colcon.colcon_core.shell:Creating package script '/home/viki/dim/install/so_100_arm/share/so_100_arm/package.ps1'
[0.249s] INFO:colcon.colcon_core.shell:Creating package descriptor '/home/viki/dim/install/so_100_arm/share/so_100_arm/package.dsv'
[0.249s] INFO:colcon.colcon_core.shell:Creating package script '/home/viki/dim/install/so_100_arm/share/so_100_arm/package.sh'
[0.249s] INFO:colcon.colcon_core.shell:Creating package script '/home/viki/dim/install/so_100_arm/share/so_100_arm/package.bash'
[0.249s] INFO:colcon.colcon_core.shell:Creating package script '/home/viki/dim/install/so_100_arm/share/so_100_arm/package.zsh'
[0.250s] Level 1:colcon.colcon_core.environment:create_file_with_runtime_dependencies(/home/viki/dim/install/so_100_arm/share/colcon-core/packages/so_100_arm)
[0.250s] Level 1:colcon.colcon_core.environment:create_environment_scripts_only(so_100_arm)
[0.250s] Level 1:colcon.colcon_core.environment:checking '/home/viki/dim/install/so_100_arm' for CMake module files
[0.250s] Level 1:colcon.colcon_core.environment:checking '/home/viki/dim/install/so_100_arm' for CMake config files
[0.250s] Level 1:colcon.colcon_core.shell:create_environment_hook('so_100_arm', 'cmake_prefix_path')
[0.250s] INFO:colcon.colcon_core.shell:Creating environment hook '/home/viki/dim/install/so_100_arm/share/so_100_arm/hook/cmake_prefix_path.ps1'
[0.250s] INFO:colcon.colcon_core.shell:Creating environment descriptor '/home/viki/dim/install/so_100_arm/share/so_100_arm/hook/cmake_prefix_path.dsv'
[0.251s] INFO:colcon.colcon_core.shell:Creating environment hook '/home/viki/dim/install/so_100_arm/share/so_100_arm/hook/cmake_prefix_path.sh'
[0.251s] Level 1:colcon.colcon_core.environment:checking '/home/viki/dim/install/so_100_arm/bin'
[0.251s] Level 1:colcon.colcon_core.environment:checking '/home/viki/dim/install/so_100_arm/lib/pkgconfig/so_100_arm.pc'
[0.251s] Level 1:colcon.colcon_core.environment:checking '/home/viki/dim/install/so_100_arm/lib/python3.10/site-packages'
[0.251s] Level 1:colcon.colcon_core.environment:checking '/home/viki/dim/install/so_100_arm/bin'
[0.251s] INFO:colcon.colcon_core.shell:Creating package script '/home/viki/dim/install/so_100_arm/share/so_100_arm/package.ps1'
[0.251s] INFO:colcon.colcon_core.shell:Creating package descriptor '/home/viki/dim/install/so_100_arm/share/so_100_arm/package.dsv'
[0.252s] INFO:colcon.colcon_core.shell:Creating package script '/home/viki/dim/install/so_100_arm/share/so_100_arm/package.sh'
[0.252s] INFO:colcon.colcon_core.shell:Creating package script '/home/viki/dim/install/so_100_arm/share/so_100_arm/package.bash'
[0.252s] INFO:colcon.colcon_core.shell:Creating package script '/home/viki/dim/install/so_100_arm/share/so_100_arm/package.zsh'
[0.252s] Level 1:colcon.colcon_core.environment:create_file_with_runtime_dependencies(/home/viki/dim/install/so_100_arm/share/colcon-core/packages/so_100_arm)
[0.252s] DEBUG:colcon.colcon_parallel_executor.executor.parallel:closing loop
[0.253s] DEBUG:colcon.colcon_parallel_executor.executor.parallel:loop closed
[0.253s] DEBUG:colcon.colcon_parallel_executor.executor.parallel:run_until_complete finished with '0'
[0.253s] DEBUG:colcon.colcon_core.event_reactor:joining thread
[0.255s] INFO:colcon.colcon_core.plugin_system:Skipping extension 'colcon_notification.desktop_notification.terminal_notifier': Not used on non-Darwin systems
[0.255s] INFO:colcon.colcon_core.plugin_system:Skipping extension 'colcon_notification.desktop_notification.win32': Not used on non-Windows systems
[0.255s] INFO:colcon.colcon_notification.desktop_notification:Sending desktop notification using 'notify2'
[0.267s] DEBUG:colcon.colcon_core.event_reactor:joined thread
[0.267s] INFO:colcon.colcon_core.shell:Creating prefix script '/home/viki/dim/install/local_setup.ps1'
[0.268s] INFO:colcon.colcon_core.shell:Creating prefix util module '/home/viki/dim/install/_local_setup_util_ps1.py'
[0.268s] INFO:colcon.colcon_core.shell:Creating prefix chain script '/home/viki/dim/install/setup.ps1'
[0.269s] INFO:colcon.colcon_core.shell:Creating prefix script '/home/viki/dim/install/local_setup.sh'
[0.269s] INFO:colcon.colcon_core.shell:Creating prefix util module '/home/viki/dim/install/_local_setup_util_sh.py'
[0.270s] INFO:colcon.colcon_core.shell:Creating prefix chain script '/home/viki/dim/install/setup.sh'
[0.270s] INFO:colcon.colcon_core.shell:Creating prefix script '/home/viki/dim/install/local_setup.bash'
[0.270s] INFO:colcon.colcon_core.shell:Creating prefix chain script '/home/viki/dim/install/setup.bash'
[0.271s] INFO:colcon.colcon_core.shell:Creating prefix script '/home/viki/dim/install/local_setup.zsh'
[0.271s] INFO:colcon.colcon_core.shell:Creating prefix chain script '/home/viki/dim/install/setup.zsh'
