[0.052s] DEBUG:colcon:Command line arguments: ['/usr/bin/colcon', 'build', '--packages-select', 'so_arm_100_hardware']
[0.052s] DEBUG:colcon:Parsed command line arguments: Namespace(log_base=None, log_level=None, verb_name='build', build_base='build', install_base='install', merge_install=False, symlink_install=False, test_result_base=None, continue_on_error=False, executor='parallel', parallel_workers=32, event_handlers=None, ignore_user_meta=False, metas=['./colcon.meta'], base_paths=['.'], packages_ignore=None, packages_ignore_regex=None, paths=None, packages_up_to=None, packages_up_to_regex=None, packages_above=None, packages_above_and_dependencies=None, packages_above_depth=None, packages_select_by_dep=None, packages_skip_by_dep=None, packages_skip_up_to=None, packages_select_build_failed=False, packages_skip_build_finished=False, packages_select_test_failures=False, packages_skip_test_passed=False, packages_select=['so_arm_100_hardware'], packages_skip=None, packages_select_regex=None, packages_skip_regex=None, packages_start=None, packages_end=None, allow_overriding=[], cmake_args=None, cmake_target=None, cmake_target_skip_unavailable=False, cmake_clean_cache=False, cmake_clean_first=False, cmake_force_configure=False, ament_cmake_args=None, catkin_cmake_args=None, catkin_skip_building_tests=False, mixin_files=None, mixin=None, verb_parser=<colcon_mixin.mixin.mixin_argument.MixinArgumentDecorator object at 0x7d8f349b9390>, verb_extension=<colcon_core.verb.build.BuildVerb object at 0x7d8f349b8df0>, main=<bound method BuildVerb.main of <colcon_core.verb.build.BuildVerb object at 0x7d8f349b8df0>>, mixin_verb=('build',))
[0.151s] Level 1:colcon.colcon_core.package_discovery:discover_packages(colcon_meta) check parameters
[0.151s] Level 1:colcon.colcon_core.package_discovery:discover_packages(recursive) check parameters
[0.151s] Level 1:colcon.colcon_core.package_discovery:discover_packages(ignore) check parameters
[0.151s] Level 1:colcon.colcon_core.package_discovery:discover_packages(path) check parameters
[0.151s] Level 1:colcon.colcon_core.package_discovery:discover_packages(colcon_meta) discover
[0.151s] Level 1:colcon.colcon_core.package_discovery:discover_packages(recursive) discover
[0.151s] INFO:colcon.colcon_core.package_discovery:Crawling recursively for packages in '/home/viki/dim'
[0.152s] Level 1:colcon.colcon_core.package_identification:_identify(.) by extensions ['ignore', 'ignore_ament_install']
[0.152s] Level 1:colcon.colcon_core.package_identification:_identify(.) by extension 'ignore'
[0.152s] Level 1:colcon.colcon_core.package_identification:_identify(.) by extension 'ignore_ament_install'
[0.152s] Level 1:colcon.colcon_core.package_identification:_identify(.) by extensions ['colcon_pkg']
[0.152s] Level 1:colcon.colcon_core.package_identification:_identify(.) by extension 'colcon_pkg'
[0.152s] Level 1:colcon.colcon_core.package_identification:_identify(.) by extensions ['colcon_meta']
[0.152s] Level 1:colcon.colcon_core.package_identification:_identify(.) by extension 'colcon_meta'
[0.152s] Level 1:colcon.colcon_core.package_identification:_identify(.) by extensions ['ros']
[0.152s] Level 1:colcon.colcon_core.package_identification:_identify(.) by extension 'ros'
[0.158s] Level 1:colcon.colcon_core.package_identification:_identify(.) by extensions ['cmake', 'python']
[0.158s] Level 1:colcon.colcon_core.package_identification:_identify(.) by extension 'cmake'
[0.158s] Level 1:colcon.colcon_core.package_identification:_identify(.) by extension 'python'
[0.158s] Level 1:colcon.colcon_core.package_identification:_identify(.) by extensions ['python_setup_py']
[0.158s] Level 1:colcon.colcon_core.package_identification:_identify(.) by extension 'python_setup_py'
[0.158s] Level 1:colcon.colcon_core.package_identification:_identify(build) by extensions ['ignore', 'ignore_ament_install']
[0.158s] Level 1:colcon.colcon_core.package_identification:_identify(build) by extension 'ignore'
[0.158s] Level 1:colcon.colcon_core.package_identification:_identify(build) ignored
[0.158s] Level 1:colcon.colcon_core.package_identification:_identify(install) by extensions ['ignore', 'ignore_ament_install']
[0.158s] Level 1:colcon.colcon_core.package_identification:_identify(install) by extension 'ignore'
[0.158s] Level 1:colcon.colcon_core.package_identification:_identify(install) ignored
[0.158s] Level 1:colcon.colcon_core.package_identification:_identify(log) by extensions ['ignore', 'ignore_ament_install']
[0.158s] Level 1:colcon.colcon_core.package_identification:_identify(log) by extension 'ignore'
[0.159s] Level 1:colcon.colcon_core.package_identification:_identify(log) ignored
[0.159s] Level 1:colcon.colcon_core.package_identification:_identify(so_100_arm) by extensions ['ignore', 'ignore_ament_install']
[0.159s] Level 1:colcon.colcon_core.package_identification:_identify(so_100_arm) by extension 'ignore'
[0.159s] Level 1:colcon.colcon_core.package_identification:_identify(so_100_arm) by extension 'ignore_ament_install'
[0.159s] Level 1:colcon.colcon_core.package_identification:_identify(so_100_arm) by extensions ['colcon_pkg']
[0.159s] Level 1:colcon.colcon_core.package_identification:_identify(so_100_arm) by extension 'colcon_pkg'
[0.159s] Level 1:colcon.colcon_core.package_identification:_identify(so_100_arm) by extensions ['colcon_meta']
[0.159s] Level 1:colcon.colcon_core.package_identification:_identify(so_100_arm) by extension 'colcon_meta'
[0.159s] Level 1:colcon.colcon_core.package_identification:_identify(so_100_arm) by extensions ['ros']
[0.159s] Level 1:colcon.colcon_core.package_identification:_identify(so_100_arm) by extension 'ros'
[0.160s] DEBUG:colcon.colcon_core.package_identification:Package 'so_100_arm' with type 'ros.ament_cmake' and name 'so_100_arm'
[0.160s] Level 1:colcon.colcon_core.package_identification:_identify(so_arm_100_hardware) by extensions ['ignore', 'ignore_ament_install']
[0.160s] Level 1:colcon.colcon_core.package_identification:_identify(so_arm_100_hardware) by extension 'ignore'
[0.160s] Level 1:colcon.colcon_core.package_identification:_identify(so_arm_100_hardware) by extension 'ignore_ament_install'
[0.160s] Level 1:colcon.colcon_core.package_identification:_identify(so_arm_100_hardware) by extensions ['colcon_pkg']
[0.160s] Level 1:colcon.colcon_core.package_identification:_identify(so_arm_100_hardware) by extension 'colcon_pkg'
[0.160s] Level 1:colcon.colcon_core.package_identification:_identify(so_arm_100_hardware) by extensions ['colcon_meta']
[0.160s] Level 1:colcon.colcon_core.package_identification:_identify(so_arm_100_hardware) by extension 'colcon_meta'
[0.160s] Level 1:colcon.colcon_core.package_identification:_identify(so_arm_100_hardware) by extensions ['ros']
[0.160s] Level 1:colcon.colcon_core.package_identification:_identify(so_arm_100_hardware) by extension 'ros'
[0.161s] DEBUG:colcon.colcon_core.package_identification:Package 'so_arm_100_hardware' with type 'ros.ament_cmake' and name 'so_arm_100_hardware'
[0.161s] Level 1:colcon.colcon_core.package_discovery:discover_packages(recursive) using defaults
[0.161s] Level 1:colcon.colcon_core.package_discovery:discover_packages(ignore) discover
[0.161s] Level 1:colcon.colcon_core.package_discovery:discover_packages(ignore) using defaults
[0.161s] Level 1:colcon.colcon_core.package_discovery:discover_packages(path) discover
[0.161s] Level 1:colcon.colcon_core.package_discovery:discover_packages(path) using defaults
[0.171s] INFO:colcon.colcon_core.package_selection:Skipping not selected package 'so_100_arm' in 'so_100_arm'
[0.171s] Level 1:colcon.colcon_core.package_discovery:discover_packages(prefix_path) check parameters
[0.171s] Level 1:colcon.colcon_core.package_discovery:discover_packages(prefix_path) discover
[0.173s] DEBUG:colcon.colcon_installed_package_information.package_discovery:Found 356 installed packages in /opt/ros/humble
[0.173s] Level 1:colcon.colcon_core.package_discovery:discover_packages(prefix_path) using defaults
[0.193s] Level 5:colcon.colcon_core.verb:set package 'so_arm_100_hardware' build argument 'cmake_args' from command line to 'None'
[0.193s] Level 5:colcon.colcon_core.verb:set package 'so_arm_100_hardware' build argument 'cmake_target' from command line to 'None'
[0.193s] Level 5:colcon.colcon_core.verb:set package 'so_arm_100_hardware' build argument 'cmake_target_skip_unavailable' from command line to 'False'
[0.193s] Level 5:colcon.colcon_core.verb:set package 'so_arm_100_hardware' build argument 'cmake_clean_cache' from command line to 'False'
[0.193s] Level 5:colcon.colcon_core.verb:set package 'so_arm_100_hardware' build argument 'cmake_clean_first' from command line to 'False'
[0.193s] Level 5:colcon.colcon_core.verb:set package 'so_arm_100_hardware' build argument 'cmake_force_configure' from command line to 'False'
[0.193s] Level 5:colcon.colcon_core.verb:set package 'so_arm_100_hardware' build argument 'ament_cmake_args' from command line to 'None'
[0.193s] Level 5:colcon.colcon_core.verb:set package 'so_arm_100_hardware' build argument 'catkin_cmake_args' from command line to 'None'
[0.193s] Level 5:colcon.colcon_core.verb:set package 'so_arm_100_hardware' build argument 'catkin_skip_building_tests' from command line to 'False'
[0.193s] DEBUG:colcon.colcon_core.verb:Building package 'so_arm_100_hardware' with the following arguments: {'ament_cmake_args': None, 'build_base': '/home/viki/dim/build/so_arm_100_hardware', 'catkin_cmake_args': None, 'catkin_skip_building_tests': False, 'cmake_args': None, 'cmake_clean_cache': False, 'cmake_clean_first': False, 'cmake_force_configure': False, 'cmake_target': None, 'cmake_target_skip_unavailable': False, 'install_base': '/home/viki/dim/install/so_arm_100_hardware', 'merge_install': False, 'path': '/home/viki/dim/so_arm_100_hardware', 'symlink_install': False, 'test_result_base': None}
[0.193s] INFO:colcon.colcon_core.executor:Executing jobs using 'parallel' executor
[0.194s] DEBUG:colcon.colcon_parallel_executor.executor.parallel:run_until_complete
[0.194s] INFO:colcon.colcon_ros.task.ament_cmake.build:Building ROS package in '/home/viki/dim/so_arm_100_hardware' with build type 'ament_cmake'
[0.194s] INFO:colcon.colcon_cmake.task.cmake.build:Building CMake package in '/home/viki/dim/so_arm_100_hardware'
[0.195s] INFO:colcon.colcon_core.plugin_system:Skipping extension 'colcon_core.shell.bat': Not used on non-Windows systems
[0.195s] INFO:colcon.colcon_core.shell:Skip shell extension 'powershell' for command environment: Not usable outside of PowerShell
[0.195s] DEBUG:colcon.colcon_core.shell:Skip shell extension 'dsv' for command environment
[0.201s] DEBUG:colcon.colcon_core.event_handler.log_command:Invoking command in '/home/viki/dim/build/so_arm_100_hardware': CMAKE_PREFIX_PATH=/opt/ros/humble /usr/bin/cmake /home/viki/dim/so_arm_100_hardware -DCMAKE_INSTALL_PREFIX=/home/viki/dim/install/so_arm_100_hardware
[0.947s] DEBUG:colcon.colcon_core.event_handler.log_command:Invoked command in '/home/viki/dim/build/so_arm_100_hardware' returned '0': CMAKE_PREFIX_PATH=/opt/ros/humble /usr/bin/cmake /home/viki/dim/so_arm_100_hardware -DCMAKE_INSTALL_PREFIX=/home/viki/dim/install/so_arm_100_hardware
[0.948s] DEBUG:colcon.colcon_core.event_handler.log_command:Invoking command in '/home/viki/dim/build/so_arm_100_hardware': CMAKE_PREFIX_PATH=/opt/ros/humble /usr/bin/cmake --build /home/viki/dim/build/so_arm_100_hardware -- -j32 -l32
[6.706s] DEBUG:colcon.colcon_core.event_handler.log_command:Invoked command in '/home/viki/dim/build/so_arm_100_hardware' returned '0': CMAKE_PREFIX_PATH=/opt/ros/humble /usr/bin/cmake --build /home/viki/dim/build/so_arm_100_hardware -- -j32 -l32
[6.711s] DEBUG:colcon.colcon_core.event_handler.log_command:Invoking command in '/home/viki/dim/build/so_arm_100_hardware': CMAKE_PREFIX_PATH=/opt/ros/humble /usr/bin/cmake --install /home/viki/dim/build/so_arm_100_hardware
[6.723s] Level 1:colcon.colcon_core.environment:create_environment_scripts_only(so_arm_100_hardware)
[6.724s] DEBUG:colcon.colcon_core.event_handler.log_command:Invoked command in '/home/viki/dim/build/so_arm_100_hardware' returned '0': CMAKE_PREFIX_PATH=/opt/ros/humble /usr/bin/cmake --install /home/viki/dim/build/so_arm_100_hardware
[6.725s] Level 1:colcon.colcon_core.environment:checking '/home/viki/dim/install/so_arm_100_hardware' for CMake module files
[6.726s] Level 1:colcon.colcon_core.environment:checking '/home/viki/dim/install/so_arm_100_hardware' for CMake config files
[6.726s] Level 1:colcon.colcon_core.shell:create_environment_hook('so_arm_100_hardware', 'cmake_prefix_path')
[6.726s] INFO:colcon.colcon_core.shell:Creating environment hook '/home/viki/dim/install/so_arm_100_hardware/share/so_arm_100_hardware/hook/cmake_prefix_path.ps1'
[6.726s] INFO:colcon.colcon_core.shell:Creating environment descriptor '/home/viki/dim/install/so_arm_100_hardware/share/so_arm_100_hardware/hook/cmake_prefix_path.dsv'
[6.726s] INFO:colcon.colcon_core.shell:Creating environment hook '/home/viki/dim/install/so_arm_100_hardware/share/so_arm_100_hardware/hook/cmake_prefix_path.sh'
[6.727s] Level 1:colcon.colcon_core.environment:checking '/home/viki/dim/install/so_arm_100_hardware/lib'
[6.727s] Level 1:colcon.colcon_core.environment:checking '/home/viki/dim/install/so_arm_100_hardware/bin'
[6.727s] Level 1:colcon.colcon_core.environment:checking '/home/viki/dim/install/so_arm_100_hardware/lib/pkgconfig/so_arm_100_hardware.pc'
[6.727s] Level 1:colcon.colcon_core.environment:checking '/home/viki/dim/install/so_arm_100_hardware/lib/python3.10/site-packages'
[6.727s] Level 1:colcon.colcon_core.environment:checking '/home/viki/dim/install/so_arm_100_hardware/bin'
[6.727s] INFO:colcon.colcon_core.shell:Creating package script '/home/viki/dim/install/so_arm_100_hardware/share/so_arm_100_hardware/package.ps1'
[6.727s] INFO:colcon.colcon_core.shell:Creating package descriptor '/home/viki/dim/install/so_arm_100_hardware/share/so_arm_100_hardware/package.dsv'
[6.728s] INFO:colcon.colcon_core.shell:Creating package script '/home/viki/dim/install/so_arm_100_hardware/share/so_arm_100_hardware/package.sh'
[6.728s] INFO:colcon.colcon_core.shell:Creating package script '/home/viki/dim/install/so_arm_100_hardware/share/so_arm_100_hardware/package.bash'
[6.728s] INFO:colcon.colcon_core.shell:Creating package script '/home/viki/dim/install/so_arm_100_hardware/share/so_arm_100_hardware/package.zsh'
[6.728s] Level 1:colcon.colcon_core.environment:create_file_with_runtime_dependencies(/home/viki/dim/install/so_arm_100_hardware/share/colcon-core/packages/so_arm_100_hardware)
[6.729s] Level 1:colcon.colcon_core.environment:create_environment_scripts_only(so_arm_100_hardware)
[6.729s] Level 1:colcon.colcon_core.environment:checking '/home/viki/dim/install/so_arm_100_hardware' for CMake module files
[6.729s] Level 1:colcon.colcon_core.environment:checking '/home/viki/dim/install/so_arm_100_hardware' for CMake config files
[6.729s] Level 1:colcon.colcon_core.shell:create_environment_hook('so_arm_100_hardware', 'cmake_prefix_path')
[6.729s] INFO:colcon.colcon_core.shell:Creating environment hook '/home/viki/dim/install/so_arm_100_hardware/share/so_arm_100_hardware/hook/cmake_prefix_path.ps1'
[6.729s] INFO:colcon.colcon_core.shell:Creating environment descriptor '/home/viki/dim/install/so_arm_100_hardware/share/so_arm_100_hardware/hook/cmake_prefix_path.dsv'
[6.729s] INFO:colcon.colcon_core.shell:Creating environment hook '/home/viki/dim/install/so_arm_100_hardware/share/so_arm_100_hardware/hook/cmake_prefix_path.sh'
[6.730s] Level 1:colcon.colcon_core.environment:checking '/home/viki/dim/install/so_arm_100_hardware/lib'
[6.730s] Level 1:colcon.colcon_core.environment:checking '/home/viki/dim/install/so_arm_100_hardware/bin'
[6.730s] Level 1:colcon.colcon_core.environment:checking '/home/viki/dim/install/so_arm_100_hardware/lib/pkgconfig/so_arm_100_hardware.pc'
[6.730s] Level 1:colcon.colcon_core.environment:checking '/home/viki/dim/install/so_arm_100_hardware/lib/python3.10/site-packages'
[6.730s] Level 1:colcon.colcon_core.environment:checking '/home/viki/dim/install/so_arm_100_hardware/bin'
[6.730s] INFO:colcon.colcon_core.shell:Creating package script '/home/viki/dim/install/so_arm_100_hardware/share/so_arm_100_hardware/package.ps1'
[6.730s] INFO:colcon.colcon_core.shell:Creating package descriptor '/home/viki/dim/install/so_arm_100_hardware/share/so_arm_100_hardware/package.dsv'
[6.730s] INFO:colcon.colcon_core.shell:Creating package script '/home/viki/dim/install/so_arm_100_hardware/share/so_arm_100_hardware/package.sh'
[6.730s] INFO:colcon.colcon_core.shell:Creating package script '/home/viki/dim/install/so_arm_100_hardware/share/so_arm_100_hardware/package.bash'
[6.731s] INFO:colcon.colcon_core.shell:Creating package script '/home/viki/dim/install/so_arm_100_hardware/share/so_arm_100_hardware/package.zsh'
[6.731s] Level 1:colcon.colcon_core.environment:create_file_with_runtime_dependencies(/home/viki/dim/install/so_arm_100_hardware/share/colcon-core/packages/so_arm_100_hardware)
[6.731s] DEBUG:colcon.colcon_parallel_executor.executor.parallel:closing loop
[6.731s] DEBUG:colcon.colcon_parallel_executor.executor.parallel:loop closed
[6.731s] DEBUG:colcon.colcon_parallel_executor.executor.parallel:run_until_complete finished with '0'
[6.731s] DEBUG:colcon.colcon_core.event_reactor:joining thread
[6.734s] INFO:colcon.colcon_core.plugin_system:Skipping extension 'colcon_notification.desktop_notification.terminal_notifier': Not used on non-Darwin systems
[6.734s] INFO:colcon.colcon_core.plugin_system:Skipping extension 'colcon_notification.desktop_notification.win32': Not used on non-Windows systems
[6.734s] INFO:colcon.colcon_notification.desktop_notification:Sending desktop notification using 'notify2'
[6.743s] DEBUG:colcon.colcon_core.event_reactor:joined thread
[6.743s] INFO:colcon.colcon_core.shell:Creating prefix script '/home/viki/dim/install/local_setup.ps1'
[6.744s] INFO:colcon.colcon_core.shell:Creating prefix util module '/home/viki/dim/install/_local_setup_util_ps1.py'
[6.744s] INFO:colcon.colcon_core.shell:Creating prefix chain script '/home/viki/dim/install/setup.ps1'
[6.744s] INFO:colcon.colcon_core.shell:Creating prefix script '/home/viki/dim/install/local_setup.sh'
[6.745s] INFO:colcon.colcon_core.shell:Creating prefix util module '/home/viki/dim/install/_local_setup_util_sh.py'
[6.745s] INFO:colcon.colcon_core.shell:Creating prefix chain script '/home/viki/dim/install/setup.sh'
[6.745s] INFO:colcon.colcon_core.shell:Creating prefix script '/home/viki/dim/install/local_setup.bash'
[6.746s] INFO:colcon.colcon_core.shell:Creating prefix chain script '/home/viki/dim/install/setup.bash'
[6.746s] INFO:colcon.colcon_core.shell:Creating prefix script '/home/viki/dim/install/local_setup.zsh'
[6.746s] INFO:colcon.colcon_core.shell:Creating prefix chain script '/home/viki/dim/install/setup.zsh'
