[0.006s] Invoking command in '/home/viki/dim/build/so_100_arm': CMAKE_PREFIX_PATH=/opt/ros/humble /usr/bin/cmake /home/viki/dim/so_100_arm -DCMAKE_INSTALL_PREFIX=/home/viki/dim/install/so_100_arm
[0.043s] -- The C compiler identification is GNU 12.3.0
[0.080s] -- The CXX compiler identification is GNU 12.3.0
[0.085s] -- Detecting C compiler ABI info
[0.133s] -- Detecting C compiler ABI info - done
[0.136s] -- Check for working C compiler: /usr/bin/cc - skipped
[0.136s] -- Detecting C compile features
[0.137s] -- Detecting C compile features - done
[0.138s] -- Detecting CXX compiler ABI info
[0.187s] -- Detecting CXX compiler ABI info - done
[0.190s] -- Check for working CXX compiler: /usr/bin/c++ - skipped
[0.190s] -- Detecting CXX compile features
[0.191s] -- Detecting CXX compile features - done
[0.192s] -- Found ament_cmake: 1.3.12 (/opt/ros/humble/share/ament_cmake/cmake)
[0.272s] -- Found Python3: /usr/bin/python3 (found version "3.10.12") found components: Interpreter 
[0.348s] -- Configuring done
[0.349s] -- Generating done
[0.349s] -- Build files have been written to: /home/viki/dim/build/so_100_arm
[0.351s] Invoked command in '/home/viki/dim/build/so_100_arm' returned '0': CMAKE_PREFIX_PATH=/opt/ros/humble /usr/bin/cmake /home/viki/dim/so_100_arm -DCMAKE_INSTALL_PREFIX=/home/viki/dim/install/so_100_arm
[0.353s] Invoking command in '/home/viki/dim/build/so_100_arm': CMAKE_PREFIX_PATH=/opt/ros/humble /usr/bin/cmake --build /home/viki/dim/build/so_100_arm -- -j32 -l32
[0.379s] Invoked command in '/home/viki/dim/build/so_100_arm' returned '0': CMAKE_PREFIX_PATH=/opt/ros/humble /usr/bin/cmake --build /home/viki/dim/build/so_100_arm -- -j32 -l32
[0.385s] Invoking command in '/home/viki/dim/build/so_100_arm': CMAKE_PREFIX_PATH=/opt/ros/humble /usr/bin/cmake --install /home/viki/dim/build/so_100_arm
[0.389s] -- Install configuration: ""
[0.389s] -- Installing: /home/viki/dim/install/so_100_arm/share/so_100_arm/models
[0.389s] -- Installing: /home/viki/dim/install/so_100_arm/share/so_100_arm/models/so_100_arm_5dof
[0.390s] -- Installing: /home/viki/dim/install/so_100_arm/share/so_100_arm/models/so_100_arm_5dof/meshes
[0.390s] -- Installing: /home/viki/dim/install/so_100_arm/share/so_100_arm/models/so_100_arm_5dof/meshes/Upper_Arm.STL
[0.390s] -- Installing: /home/viki/dim/install/so_100_arm/share/so_100_arm/models/so_100_arm_5dof/meshes/Moving_Jaw.STL
[0.390s] -- Installing: /home/viki/dim/install/so_100_arm/share/so_100_arm/models/so_100_arm_5dof/meshes/Wrist_Pitch_Roll.STL
[0.390s] -- Installing: /home/viki/dim/install/so_100_arm/share/so_100_arm/models/so_100_arm_5dof/meshes/Base.STL
[0.390s] -- Installing: /home/viki/dim/install/so_100_arm/share/so_100_arm/models/so_100_arm_5dof/meshes/Shoulder_Rotation_Pitch.STL
[0.391s] -- Installing: /home/viki/dim/install/so_100_arm/share/so_100_arm/models/so_100_arm_5dof/meshes/Lower_Arm.STL
[0.391s] -- Installing: /home/viki/dim/install/so_100_arm/share/so_100_arm/models/so_100_arm_5dof/meshes/Fixed_Gripper.STL
[0.391s] -- Installing: /home/viki/dim/install/so_100_arm/share/so_100_arm/models/so_100_arm_5dof/model.config
[0.391s] -- Installing: /home/viki/dim/install/so_100_arm/share/so_100_arm/urdf
[0.391s] -- Installing: /home/viki/dim/install/so_100_arm/share/so_100_arm/urdf/so_100_arm_5dof_hardware.urdf
[0.391s] -- Installing: /home/viki/dim/install/so_100_arm/share/so_100_arm/urdf/so_100_arm_5dof.urdf
[0.391s] -- Installing: /home/viki/dim/install/so_100_arm/share/so_100_arm/urdf/so_100_arm.urdf
[0.391s] -- Installing: /home/viki/dim/install/so_100_arm/share/so_100_arm/urdf/so_100_arm_5dof.csv
[0.391s] -- Installing: /home/viki/dim/install/so_100_arm/share/so_100_arm/launch
[0.391s] -- Installing: /home/viki/dim/install/so_100_arm/share/so_100_arm/launch/joint_state_pub_guilaunch.py
[0.391s] -- Installing: /home/viki/dim/install/so_100_arm/share/so_100_arm/launch/static_virtual_joint_tfs.launch.py
[0.391s] -- Installing: /home/viki/dim/install/so_100_arm/share/so_100_arm/launch/hardware.launch.py
[0.391s] -- Installing: /home/viki/dim/install/so_100_arm/share/so_100_arm/launch/move_group.launch.py
[0.391s] -- Installing: /home/viki/dim/install/so_100_arm/share/so_100_arm/launch/spawn_controllers.launch.py
[0.391s] -- Installing: /home/viki/dim/install/so_100_arm/share/so_100_arm/launch/setup_assistant.launch.py
[0.391s] -- Installing: /home/viki/dim/install/so_100_arm/share/so_100_arm/launch/moveit_rviz.launch.py
[0.391s] -- Installing: /home/viki/dim/install/so_100_arm/share/so_100_arm/launch/rviz.launch.py
[0.391s] -- Installing: /home/viki/dim/install/so_100_arm/share/so_100_arm/launch/moveit.launch.py
[0.391s] -- Installing: /home/viki/dim/install/so_100_arm/share/so_100_arm/launch/gz.launch.py
[0.391s] -- Installing: /home/viki/dim/install/so_100_arm/share/so_100_arm/launch/rsp.launch.py
[0.391s] -- Installing: /home/viki/dim/install/so_100_arm/share/so_100_arm/config
[0.391s] -- Installing: /home/viki/dim/install/so_100_arm/share/so_100_arm/config/initial_positions.yaml
[0.391s] -- Installing: /home/viki/dim/install/so_100_arm/share/so_100_arm/config/pilz_cartesian_limits.yaml
[0.391s] -- Installing: /home/viki/dim/install/so_100_arm/share/so_100_arm/config/kinematics.yaml
[0.391s] -- Installing: /home/viki/dim/install/so_100_arm/share/so_100_arm/config/moveit.rviz
[0.392s] -- Installing: /home/viki/dim/install/so_100_arm/share/so_100_arm/config/moveit_controllers.yaml
[0.392s] -- Installing: /home/viki/dim/install/so_100_arm/share/so_100_arm/config/ros2_controllers.yaml
[0.392s] -- Installing: /home/viki/dim/install/so_100_arm/share/so_100_arm/config/so_100_arm.srdf
[0.392s] -- Installing: /home/viki/dim/install/so_100_arm/share/so_100_arm/config/controllers.yaml
[0.392s] -- Installing: /home/viki/dim/install/so_100_arm/share/so_100_arm/config/so_100_arm.urdf.xacro
[0.392s] -- Installing: /home/viki/dim/install/so_100_arm/share/so_100_arm/config/so_100_arm.ros2_control.xacro
[0.392s] -- Installing: /home/viki/dim/install/so_100_arm/share/so_100_arm/config/sensors_3d.yaml
[0.392s] -- Installing: /home/viki/dim/install/so_100_arm/share/so_100_arm/config/controllers_7dof.yaml
[0.392s] -- Installing: /home/viki/dim/install/so_100_arm/share/so_100_arm/config/urdf.rviz
[0.392s] -- Installing: /home/viki/dim/install/so_100_arm/share/so_100_arm/config/controllers_5dof.yaml
[0.392s] -- Installing: /home/viki/dim/install/so_100_arm/share/so_100_arm/config/joint_limits.yaml
[0.392s] -- Installing: /home/viki/dim/install/so_100_arm/share/so_100_arm/.setup_assistant
[0.392s] -- Installing: /home/viki/dim/install/so_100_arm/share/ament_index/resource_index/package_run_dependencies/so_100_arm
[0.392s] -- Installing: /home/viki/dim/install/so_100_arm/share/ament_index/resource_index/parent_prefix_path/so_100_arm
[0.392s] -- Installing: /home/viki/dim/install/so_100_arm/share/so_100_arm/environment/ament_prefix_path.sh
[0.392s] -- Installing: /home/viki/dim/install/so_100_arm/share/so_100_arm/environment/ament_prefix_path.dsv
[0.392s] -- Installing: /home/viki/dim/install/so_100_arm/share/so_100_arm/environment/path.sh
[0.392s] -- Installing: /home/viki/dim/install/so_100_arm/share/so_100_arm/environment/path.dsv
[0.392s] -- Installing: /home/viki/dim/install/so_100_arm/share/so_100_arm/local_setup.bash
[0.392s] -- Installing: /home/viki/dim/install/so_100_arm/share/so_100_arm/local_setup.sh
[0.392s] -- Installing: /home/viki/dim/install/so_100_arm/share/so_100_arm/local_setup.zsh
[0.392s] -- Installing: /home/viki/dim/install/so_100_arm/share/so_100_arm/local_setup.dsv
[0.392s] -- Installing: /home/viki/dim/install/so_100_arm/share/so_100_arm/package.dsv
[0.392s] -- Installing: /home/viki/dim/install/so_100_arm/share/ament_index/resource_index/packages/so_100_arm
[0.392s] -- Installing: /home/viki/dim/install/so_100_arm/share/so_100_arm/cmake/so_100_armConfig.cmake
[0.392s] -- Installing: /home/viki/dim/install/so_100_arm/share/so_100_arm/cmake/so_100_armConfig-version.cmake
[0.392s] -- Installing: /home/viki/dim/install/so_100_arm/share/so_100_arm/package.xml
[0.393s] Invoked command in '/home/viki/dim/build/so_100_arm' returned '0': CMAKE_PREFIX_PATH=/opt/ros/humble /usr/bin/cmake --install /home/viki/dim/build/so_100_arm
